# JRE version: OpenJDK Runtime Environment Temurin-17.0.9+9 (17.0.9+9) (build 17.0.9+9)
# Java VM: OpenJDK 64-Bit Server VM Temurin-17.0.9+9 (17.0.9+9, mixed mode, emulated-client, tiered, compressed oops, compressed class ptrs, g1 gc, windows-amd64)
GC Precious Log:
 CPUs: 16 total, 16 available
 Memory: 127G
 Large Page Support: Disabled
 NUMA Support: Disabled
 Compressed Oops: Enabled (Zero based)
 Heap Region Size: 16M
 Heap Min Capacity: 16M
 Heap Initial Capacity: 2G
 Heap Max Capacity: 30688M
 Pre-touch: Disabled
 Parallel Workers: 13
 Concurrent Workers: 3
 Concurrent Refinement Workers: 13
 Periodic GC: Disabled
Heap:
 garbage-first heap   total 114688K, used 42022K [0x0000000082000000, 0x0000000800000000)
  region size 16384K, 1 young (16384K), 1 survivors (16384K)
 Metaspace       used 91314K, committed 92032K, reserved 1179648K
  class space    used 12915K, committed 13248K, reserved 1048576K
GC Heap History (20 events):
Event: 14.048 GC heap after
{Heap after GC invocations=7 (full 0):
 garbage-first heap   total 114688K, used 20271K [0x0000000082000000, 0x0000000800000000)
  region size 16384K, 1 young (16384K), 1 survivors (16384K)
 Metaspace       used 40132K, committed 40576K, reserved 1114112K
  class space    used 5240K, committed 5440K, reserved 1048576K
}
Event: 17.011 GC heap before
{Heap before GC invocations=7 (full 0):
 garbage-first heap   total 114688K, used 69423K [0x0000000082000000, 0x0000000800000000)
  region size 16384K, 4 young (65536K), 1 survivors (16384K)
 Metaspace       used 48274K, committed 48768K, reserved 1114112K
  class space    used 6460K, committed 6720K, reserved 1048576K
}
Event: 17.031 GC heap after
{Heap after GC invocations=8 (full 0):
 garbage-first heap   total 114688K, used 22661K [0x0000000082000000, 0x0000000800000000)
  region size 16384K, 1 young (16384K), 1 survivors (16384K)
 Metaspace       used 48274K, committed 48768K, reserved 1114112K
  class space    used 6460K, committed 6720K, reserved 1048576K
}
Event: 18.972 GC heap before
{Heap before GC invocations=8 (full 0):
 garbage-first heap   total 114688K, used 55429K [0x0000000082000000, 0x0000000800000000)
  region size 16384K, 4 young (65536K), 1 survivors (16384K)
 Metaspace       used 60090K, committed 60480K, reserved 1114112K
  class space    used 7940K, committed 8128K, reserved 1048576K
}
Event: 18.989 GC heap after
{Heap after GC invocations=9 (full 0):
 garbage-first heap   total 114688K, used 26262K [0x0000000082000000, 0x0000000800000000)
  region size 16384K, 1 young (16384K), 1 survivors (16384K)
 Metaspace       used 60090K, committed 60480K, reserved 1114112K
  class space    used 7940K, committed 8128K, reserved 1048576K
}
Event: 21.278 GC heap before
{Heap before GC invocations=10 (full 0):
 garbage-first heap   total 114688K, used 75414K [0x0000000082000000, 0x0000000800000000)
  region size 16384K, 4 young (65536K), 1 survivors (16384K)
 Metaspace       used 69630K, committed 70144K, reserved 1114112K
  class space    used 9549K, committed 9792K, reserved 1048576K
}
Event: 21.301 GC heap after
{Heap after GC invocations=11 (full 0):
 garbage-first heap   total 114688K, used 28002K [0x0000000082000000, 0x0000000800000000)
  region size 16384K, 1 young (16384K), 1 survivors (16384K)
 Metaspace       used 69630K, committed 70144K, reserved 1114112K
  class space    used 9549K, committed 9792K, reserved 1048576K
}
Event: 23.129 GC heap before
{Heap before GC invocations=12 (full 0):
 garbage-first heap   total 114688K, used 60770K [0x0000000082000000, 0x0000000800000000)
  region size 16384K, 3 young (49152K), 1 survivors (16384K)
 Metaspace       used 73768K, committed 74304K, reserved 1114112K
  class space    used 10163K, committed 10432K, reserved 1048576K
}
Event: 23.159 GC heap after
{Heap after GC invocations=13 (full 0):
 garbage-first heap   total 114688K, used 30074K [0x0000000082000000, 0x0000000800000000)
  region size 16384K, 1 young (16384K), 1 survivors (16384K)
 Metaspace       used 73768K, committed 74304K, reserved 1114112K
  class space    used 10163K, committed 10432K, reserved 1048576K
}
Event: 23.902 GC heap before
{Heap before GC invocations=13 (full 0):
 garbage-first heap   total 114688K, used 62842K [0x0000000082000000, 0x0000000800000000)
  region size 16384K, 3 young (49152K), 1 survivors (16384K)
 Metaspace       used 75406K, committed 76032K, reserved 1179648K
  class space    used 10395K, committed 10688K, reserved 1048576K
}
Event: 23.908 GC heap after
{Heap after GC invocations=14 (full 0):
 garbage-first heap   total 114688K, used 31767K [0x0000000082000000, 0x0000000800000000)
  region size 16384K, 1 young (16384K), 1 survivors (16384K)
 Metaspace       used 75406K, committed 76032K, reserved 1179648K
  class space    used 10395K, committed 10688K, reserved 1048576K
}
Event: 24.523 GC heap before
{Heap before GC invocations=14 (full 0):
 garbage-first heap   total 114688K, used 64535K [0x0000000082000000, 0x0000000800000000)
  region size 16384K, 3 young (49152K), 1 survivors (16384K)
 Metaspace       used 79306K, committed 79936K, reserved 1179648K
  class space    used 11168K, committed 11456K, reserved 1048576K
}
Event: 24.529 GC heap after
{Heap after GC invocations=15 (full 0):
 garbage-first heap   total 114688K, used 34376K [0x0000000082000000, 0x0000000800000000)
  region size 16384K, 1 young (16384K), 1 survivors (16384K)
 Metaspace       used 79306K, committed 79936K, reserved 1179648K
  class space    used 11168K, committed 11456K, reserved 1048576K
}
Event: 25.293 GC heap before
{Heap before GC invocations=15 (full 0):
 garbage-first heap   total 114688K, used 67144K [0x0000000082000000, 0x0000000800000000)
  region size 16384K, 3 young (49152K), 1 survivors (16384K)
 Metaspace       used 81239K, committed 81856K, reserved 1179648K
  class space    used 11423K, committed 11712K, reserved 1048576K
}
Event: 25.301 GC heap after
{Heap after GC invocations=16 (full 0):
 garbage-first heap   total 114688K, used 36014K [0x0000000082000000, 0x0000000800000000)
  region size 16384K, 1 young (16384K), 1 survivors (16384K)
 Metaspace       used 81239K, committed 81856K, reserved 1179648K
  class space    used 11423K, committed 11712K, reserved 1048576K
}
Event: 26.147 GC heap before
{Heap before GC invocations=16 (full 0):
 garbage-first heap   total 114688K, used 68782K [0x0000000082000000, 0x0000000800000000)
  region size 16384K, 3 young (49152K), 1 survivors (16384K)
 Metaspace       used 83289K, committed 83840K, reserved 1179648K
  class space    used 11760K, committed 12032K, reserved 1048576K
}
Event: 26.174 GC heap after
{Heap after GC invocations=17 (full 0):
 garbage-first heap   total 114688K, used 37936K [0x0000000082000000, 0x0000000800000000)
  region size 16384K, 1 young (16384K), 1 survivors (16384K)
 Metaspace       used 83289K, committed 83840K, reserved 1179648K
  class space    used 11760K, committed 12032K, reserved 1048576K
}
Event: 27.141 GC heap before
{Heap before GC invocations=17 (full 0):
 garbage-first heap   total 114688K, used 70704K [0x0000000082000000, 0x0000000800000000)
  region size 16384K, 3 young (49152K), 1 survivors (16384K)
 Metaspace       used 86167K, committed 86784K, reserved 1179648K
  class space    used 12189K, committed 12480K, reserved 1048576K
}
Event: 27.178 GC heap after
{Heap after GC invocations=18 (full 0):
 garbage-first heap   total 114688K, used 40089K [0x0000000082000000, 0x0000000800000000)
  region size 16384K, 1 young (16384K), 1 survivors (16384K)
 Metaspace       used 86167K, committed 86784K, reserved 1179648K
  class space    used 12189K, committed 12480K, reserved 1048576K
}
Event: 1403.167 GC heap before
{Heap before GC invocations=18 (full 0):
 garbage-first heap   total 114688K, used 72857K [0x0000000082000000, 0x0000000800000000)
  region size 16384K, 3 young (49152K), 1 survivors (16384K)
 Metaspace       used 91314K, committed 92032K, reserved 1179648K
  class space    used 12915K, committed 13248K, reserved 1048576K
}

